0 info it worked if it ends with ok
1 verbose cli [ 'C:\\Program Files\\nodejs\\node.exe',
1 verbose cli   'C:\\Program Files\\nodejs\\node_modules\\npm\\bin\\npm-cli.js',
1 verbose cli   'install',
1 verbose cli   'twit' ]
2 info using npm@3.10.10
3 info using node@v6.9.4
4 silly loadCurrentTree Starting
5 silly install loadCurrentTree
6 silly install readLocalPackageData
7 silly fetchPackageMetaData twit@^2.2.5
8 silly fetchNamedPackageData twit
9 silly mapToRegistry name twit
10 silly mapToRegistry using default registry
11 silly mapToRegistry registry https://registry.npmjs.org/
12 silly mapToRegistry data Result {
12 silly mapToRegistry   raw: 'twit',
12 silly mapToRegistry   scope: null,
12 silly mapToRegistry   escapedName: 'twit',
12 silly mapToRegistry   name: 'twit',
12 silly mapToRegistry   rawSpec: '',
12 silly mapToRegistry   spec: 'latest',
12 silly mapToRegistry   type: 'tag' }
13 silly mapToRegistry uri https://registry.npmjs.org/twit
14 verbose request uri https://registry.npmjs.org/twit
15 verbose request no auth needed
16 info attempt registry request try #1 at 2:17:59 PM
17 verbose request id 481016f8aa3edda5
18 verbose etag W/"58db73ba-12a0d"
19 verbose lastModified Wed, 29 Mar 2017 08:43:38 GMT
20 http request GET https://registry.npmjs.org/twit
21 http 304 https://registry.npmjs.org/twit
22 verbose headers { date: 'Sun, 02 Apr 2017 18:17:58 GMT',
22 verbose headers   via: '1.1 varnish',
22 verbose headers   'cache-control': 'max-age=300',
22 verbose headers   etag: 'W/"58db73ba-12a0d"',
22 verbose headers   age: '240',
22 verbose headers   connection: 'keep-alive',
22 verbose headers   'x-served-by': 'cache-jfk8138-JFK',
22 verbose headers   'x-cache': 'HIT',
22 verbose headers   'x-cache-hits': '1',
22 verbose headers   'x-timer': 'S1491157078.434338,VS0,VE0',
22 verbose headers   vary: 'Accept-Encoding' }
23 silly get cb [ 304,
23 silly get   { date: 'Sun, 02 Apr 2017 18:17:58 GMT',
23 silly get     via: '1.1 varnish',
23 silly get     'cache-control': 'max-age=300',
23 silly get     etag: 'W/"58db73ba-12a0d"',
23 silly get     age: '240',
23 silly get     connection: 'keep-alive',
23 silly get     'x-served-by': 'cache-jfk8138-JFK',
23 silly get     'x-cache': 'HIT',
23 silly get     'x-cache-hits': '1',
23 silly get     'x-timer': 'S1491157078.434338,VS0,VE0',
23 silly get     vary: 'Accept-Encoding' } ]
24 verbose etag https://registry.npmjs.org/twit from cache
25 verbose get saving twit to C:\Users\Scott\AppData\Roaming\npm-cache\registry.npmjs.org\twit\.cache.json
26 verbose correctMkdir C:\Users\Scott\AppData\Roaming\npm-cache correctMkdir not in flight; initializing
27 silly install normalizeTree
28 silly loadCurrentTree Finishing
29 silly loadIdealTree Starting
30 silly install loadIdealTree
31 silly cloneCurrentTree Starting
32 silly install cloneCurrentTreeToIdealTree
33 silly cloneCurrentTree Finishing
34 silly loadShrinkwrap Starting
35 silly install loadShrinkwrap
36 silly loadShrinkwrap Finishing
37 silly loadAllDepsIntoIdealTree Starting
38 silly install loadAllDepsIntoIdealTree
39 silly resolveWithNewModule twit@2.2.5 checking installable status
40 silly cache add args [ 'twit@^2.2.5', null ]
41 verbose cache add spec twit@^2.2.5
42 silly cache add parsed spec Result {
42 silly cache add   raw: 'twit@^2.2.5',
42 silly cache add   scope: null,
42 silly cache add   escapedName: 'twit',
42 silly cache add   name: 'twit',
42 silly cache add   rawSpec: '^2.2.5',
42 silly cache add   spec: '>=2.2.5 <3.0.0',
42 silly cache add   type: 'range' }
43 silly addNamed twit@>=2.2.5 <3.0.0
44 verbose addNamed ">=2.2.5 <3.0.0" is a valid semver range for twit
45 silly addNameRange { name: 'twit', range: '>=2.2.5 <3.0.0', hasData: false }
46 silly mapToRegistry name twit
47 silly mapToRegistry using default registry
48 silly mapToRegistry registry https://registry.npmjs.org/
49 silly mapToRegistry data Result {
49 silly mapToRegistry   raw: 'twit',
49 silly mapToRegistry   scope: null,
49 silly mapToRegistry   escapedName: 'twit',
49 silly mapToRegistry   name: 'twit',
49 silly mapToRegistry   rawSpec: '',
49 silly mapToRegistry   spec: 'latest',
49 silly mapToRegistry   type: 'tag' }
50 silly mapToRegistry uri https://registry.npmjs.org/twit
51 verbose addNameRange registry:https://registry.npmjs.org/twit not in flight; fetching
52 verbose get https://registry.npmjs.org/twit not expired, no request
53 silly addNameRange number 2 { name: 'twit', range: '>=2.2.5 <3.0.0', hasData: true }
54 silly addNameRange versions [ 'twit',
54 silly addNameRange   [ '0.1.0',
54 silly addNameRange     '0.1.1',
54 silly addNameRange     '0.1.2',
54 silly addNameRange     '0.1.3',
54 silly addNameRange     '0.1.5',
54 silly addNameRange     '0.1.6',
54 silly addNameRange     '0.1.7',
54 silly addNameRange     '0.1.8',
54 silly addNameRange     '0.2.0',
54 silly addNameRange     '1.0.0',
54 silly addNameRange     '1.0.1',
54 silly addNameRange     '1.0.2',
54 silly addNameRange     '1.0.3',
54 silly addNameRange     '1.0.4',
54 silly addNameRange     '1.0.5',
54 silly addNameRange     '1.0.6',
54 silly addNameRange     '1.0.7',
54 silly addNameRange     '1.0.8',
54 silly addNameRange     '1.0.9',
54 silly addNameRange     '1.0.10',
54 silly addNameRange     '1.0.11',
54 silly addNameRange     '1.0.12',
54 silly addNameRange     '1.1.0',
54 silly addNameRange     '1.1.1',
54 silly addNameRange     '1.1.2',
54 silly addNameRange     '1.1.3',
54 silly addNameRange     '1.1.4',
54 silly addNameRange     '1.1.5',
54 silly addNameRange     '1.1.6',
54 silly addNameRange     '1.1.7',
54 silly addNameRange     '1.1.8',
54 silly addNameRange     '1.1.9',
54 silly addNameRange     '1.1.10',
54 silly addNameRange     '1.1.11',
54 silly addNameRange     '1.1.12',
54 silly addNameRange     '1.1.13',
54 silly addNameRange     '1.1.14',
54 silly addNameRange     '1.1.15',
54 silly addNameRange     '1.1.16',
54 silly addNameRange     '1.1.17',
54 silly addNameRange     '1.1.18',
54 silly addNameRange     '1.1.19',
54 silly addNameRange     '1.1.20',
54 silly addNameRange     '2.0.0',
54 silly addNameRange     '2.0.1',
54 silly addNameRange     '2.1.0',
54 silly addNameRange     '2.1.1',
54 silly addNameRange     '2.1.2',
54 silly addNameRange     '2.1.3',
54 silly addNameRange     '2.1.4',
54 silly addNameRange     '2.1.5',
54 silly addNameRange     '2.1.7',
54 silly addNameRange     '2.2.0',
54 silly addNameRange     '2.2.1',
54 silly addNameRange     '2.2.2',
54 silly addNameRange     '2.2.3',
54 silly addNameRange     '2.2.4',
54 silly addNameRange     '2.2.5' ] ]
55 silly addNamed twit@2.2.5
56 verbose addNamed "2.2.5" is a plain semver version for twit
57 silly cache afterAdd twit@2.2.5
58 verbose afterAdd C:\Users\Scott\AppData\Roaming\npm-cache\twit\2.2.5\package\package.json not in flight; writing
59 verbose correctMkdir C:\Users\Scott\AppData\Roaming\npm-cache correctMkdir not in flight; initializing
60 verbose afterAdd C:\Users\Scott\AppData\Roaming\npm-cache\twit\2.2.5\package\package.json written
61 silly loadAllDepsIntoIdealTree Finishing
62 silly loadIdealTree Finishing
63 silly currentTree xenon-core@1.0.0
63 silly currentTree +-- ajv@4.11.5
63 silly currentTree +-- asn1@0.2.3
63 silly currentTree +-- assert-plus@0.2.0
63 silly currentTree +-- asynckit@0.4.0
63 silly currentTree +-- aws-sign2@0.6.0
63 silly currentTree +-- aws4@1.6.0
63 silly currentTree +-- bcrypt-pbkdf@1.0.1
63 silly currentTree +-- bluebird@3.5.0
63 silly currentTree +-- boom@2.10.1
63 silly currentTree +-- caseless@0.12.0
63 silly currentTree +-- co@4.6.0
63 silly currentTree +-- combined-stream@1.0.5
63 silly currentTree +-- cryptiles@2.0.5
63 silly currentTree +-- dashdash@1.14.1
63 silly currentTree | +-- assert-plus@1.0.0
63 silly currentTree | `-- desktop.ini
63 silly currentTree +-- delayed-stream@1.0.0
63 silly currentTree +-- desktop.ini
63 silly currentTree +-- ecc-jsbn@0.1.1
63 silly currentTree +-- extend@3.0.0
63 silly currentTree +-- extsprintf@1.0.2
63 silly currentTree +-- forever-agent@0.6.1
63 silly currentTree +-- form-data@2.1.2
63 silly currentTree +-- getpass@0.1.6
63 silly currentTree | +-- assert-plus@1.0.0
63 silly currentTree | `-- desktop.ini
63 silly currentTree +-- har-schema@1.0.5
63 silly currentTree +-- har-validator@4.2.1
63 silly currentTree +-- hawk@3.1.3
63 silly currentTree +-- hoek@2.16.3
63 silly currentTree +-- http-signature@1.1.1
63 silly currentTree +-- is-typedarray@1.0.0
63 silly currentTree +-- isstream@0.1.2
63 silly currentTree +-- jodid25519@1.0.2
63 silly currentTree +-- jsbn@0.1.1
63 silly currentTree +-- json-schema@0.2.3
63 silly currentTree +-- json-stable-stringify@1.0.1
63 silly currentTree +-- json-stringify-safe@5.0.1
63 silly currentTree +-- jsonify@0.0.0
63 silly currentTree +-- jsprim@1.4.0
63 silly currentTree | +-- assert-plus@1.0.0
63 silly currentTree | `-- desktop.ini
63 silly currentTree +-- mime-db@1.27.0
63 silly currentTree +-- mime-types@2.1.15
63 silly currentTree +-- mime@1.3.4
63 silly currentTree +-- node-twitterbot@0.2.2
63 silly currentTree | +-- desktop.ini
63 silly currentTree | `-- twit@1.1.20
63 silly currentTree +-- oauth-sign@0.8.2
63 silly currentTree +-- oauth@0.9.9
63 silly currentTree +-- performance-now@0.2.0
63 silly currentTree +-- punycode@1.4.1
63 silly currentTree +-- qs@6.4.0
63 silly currentTree +-- request@2.81.0
63 silly currentTree +-- safe-buffer@5.0.1
63 silly currentTree +-- sntp@1.0.9
63 silly currentTree +-- sshpk@1.11.0
63 silly currentTree | +-- assert-plus@1.0.0
63 silly currentTree | `-- desktop.ini
63 silly currentTree +-- stringstream@0.0.5
63 silly currentTree +-- tough-cookie@2.3.2
63 silly currentTree +-- tunnel-agent@0.6.0
63 silly currentTree +-- tweetnacl@0.14.5
63 silly currentTree +-- twit
63 silly currentTree +-- uuid@3.0.1
63 silly currentTree `-- verror@1.3.6
64 silly idealTree xenon-core@1.0.0
64 silly idealTree +-- ajv@4.11.5
64 silly idealTree +-- asn1@0.2.3
64 silly idealTree +-- assert-plus@0.2.0
64 silly idealTree +-- asynckit@0.4.0
64 silly idealTree +-- aws-sign2@0.6.0
64 silly idealTree +-- aws4@1.6.0
64 silly idealTree +-- bcrypt-pbkdf@1.0.1
64 silly idealTree +-- bluebird@3.5.0
64 silly idealTree +-- boom@2.10.1
64 silly idealTree +-- caseless@0.12.0
64 silly idealTree +-- co@4.6.0
64 silly idealTree +-- combined-stream@1.0.5
64 silly idealTree +-- cryptiles@2.0.5
64 silly idealTree +-- dashdash@1.14.1
64 silly idealTree | +-- assert-plus@1.0.0
64 silly idealTree | `-- desktop.ini
64 silly idealTree +-- delayed-stream@1.0.0
64 silly idealTree +-- desktop.ini
64 silly idealTree +-- ecc-jsbn@0.1.1
64 silly idealTree +-- extend@3.0.0
64 silly idealTree +-- extsprintf@1.0.2
64 silly idealTree +-- forever-agent@0.6.1
64 silly idealTree +-- form-data@2.1.2
64 silly idealTree +-- getpass@0.1.6
64 silly idealTree | +-- assert-plus@1.0.0
64 silly idealTree | `-- desktop.ini
64 silly idealTree +-- har-schema@1.0.5
64 silly idealTree +-- har-validator@4.2.1
64 silly idealTree +-- hawk@3.1.3
64 silly idealTree +-- hoek@2.16.3
64 silly idealTree +-- http-signature@1.1.1
64 silly idealTree +-- is-typedarray@1.0.0
64 silly idealTree +-- isstream@0.1.2
64 silly idealTree +-- jodid25519@1.0.2
64 silly idealTree +-- jsbn@0.1.1
64 silly idealTree +-- json-schema@0.2.3
64 silly idealTree +-- json-stable-stringify@1.0.1
64 silly idealTree +-- json-stringify-safe@5.0.1
64 silly idealTree +-- jsonify@0.0.0
64 silly idealTree +-- jsprim@1.4.0
64 silly idealTree | +-- assert-plus@1.0.0
64 silly idealTree | `-- desktop.ini
64 silly idealTree +-- mime-db@1.27.0
64 silly idealTree +-- mime-types@2.1.15
64 silly idealTree +-- mime@1.3.4
64 silly idealTree +-- node-twitterbot@0.2.2
64 silly idealTree | +-- desktop.ini
64 silly idealTree | `-- twit@1.1.20
64 silly idealTree +-- oauth-sign@0.8.2
64 silly idealTree +-- oauth@0.9.9
64 silly idealTree +-- performance-now@0.2.0
64 silly idealTree +-- punycode@1.4.1
64 silly idealTree +-- qs@6.4.0
64 silly idealTree +-- request@2.81.0
64 silly idealTree +-- safe-buffer@5.0.1
64 silly idealTree +-- sntp@1.0.9
64 silly idealTree +-- sshpk@1.11.0
64 silly idealTree | +-- assert-plus@1.0.0
64 silly idealTree | `-- desktop.ini
64 silly idealTree +-- stringstream@0.0.5
64 silly idealTree +-- tough-cookie@2.3.2
64 silly idealTree +-- tunnel-agent@0.6.0
64 silly idealTree +-- tweetnacl@0.14.5
64 silly idealTree +-- twit@2.2.5
64 silly idealTree +-- uuid@3.0.1
64 silly idealTree `-- verror@1.3.6
65 silly generateActionsToTake Starting
66 silly install generateActionsToTake
67 silly generateActionsToTake Finishing
68 silly diffTrees action count 1
69 silly diffTrees update twit@2.2.5
70 silly decomposeActions action count 9
71 silly decomposeActions remove twit@2.2.5
72 silly decomposeActions fetch twit@2.2.5
73 silly decomposeActions extract twit@2.2.5
74 silly decomposeActions test twit@2.2.5
75 silly decomposeActions preinstall twit@2.2.5
76 silly decomposeActions build twit@2.2.5
77 silly decomposeActions install twit@2.2.5
78 silly decomposeActions postinstall twit@2.2.5
79 silly decomposeActions finalize twit@2.2.5
80 silly runTopLevelLifecycles Starting
81 silly executeActions Starting
82 silly install executeActions
83 silly doSerial global-install 0
84 silly doParallel fetch 1
85 verbose correctMkdir C:\Users\Scott\AppData\Roaming\npm-cache\_locks correctMkdir not in flight; initializing
86 verbose lock using C:\Users\Scott\AppData\Roaming\npm-cache\_locks\staging-62be5acfc61e61f7.lock for C:\Users\Scott\Google Drive\Sheridan\Third Year\Semester 2\Interactive Narrative\Crush a Tale\Twitter\xenon-core\node_modules\.staging
87 verbose unlock done using C:\Users\Scott\AppData\Roaming\npm-cache\_locks\staging-62be5acfc61e61f7.lock for C:\Users\Scott\Google Drive\Sheridan\Third Year\Semester 2\Interactive Narrative\Crush a Tale\Twitter\xenon-core\node_modules\.staging
88 silly rollbackFailedOptional Starting
89 silly rollbackFailedOptional Finishing
90 silly runTopLevelLifecycles Finishing
91 silly install printInstalled
92 warn xenon-core@1.0.0 No repository field.
93 verbose If you need help, you may report this error at:
93 verbose     <https://github.com/npm/npm/issues>
94 verbose stack Error: EPERM: operation not permitted, rmdir 'C:\Users\Scott\Google Drive\Sheridan\Third Year\Semester 2\Interactive Narrative\Crush a Tale\Twitter\xenon-core\node_modules\.staging'
94 verbose stack     at Error (native)
95 verbose cwd C:\Users\Scott\Google Drive\Sheridan\Third Year\Semester 2\Interactive Narrative\Crush a Tale\Twitter\xenon-core
96 error Windows_NT 10.0.14393
97 error argv "C:\\Program Files\\nodejs\\node.exe" "C:\\Program Files\\nodejs\\node_modules\\npm\\bin\\npm-cli.js" "install" "twit"
98 error node v6.9.4
99 error npm  v3.10.10
100 error path C:\Users\Scott\Google Drive\Sheridan\Third Year\Semester 2\Interactive Narrative\Crush a Tale\Twitter\xenon-core\node_modules\.staging
101 error code EPERM
102 error errno -4048
103 error syscall rmdir
104 error Error: EPERM: operation not permitted, rmdir 'C:\Users\Scott\Google Drive\Sheridan\Third Year\Semester 2\Interactive Narrative\Crush a Tale\Twitter\xenon-core\node_modules\.staging'
104 error     at Error (native)
104 error  { Error: EPERM: operation not permitted, rmdir 'C:\Users\Scott\Google Drive\Sheridan\Third Year\Semester 2\Interactive Narrative\Crush a Tale\Twitter\xenon-core\node_modules\.staging'
104 error     at Error (native)
104 error   errno: -4048,
104 error   code: 'EPERM',
104 error   syscall: 'rmdir',
104 error   path: 'C:\\Users\\Scott\\Google Drive\\Sheridan\\Third Year\\Semester 2\\Interactive Narrative\\Crush a Tale\\Twitter\\xenon-core\\node_modules\\.staging' }
105 error Please try running this command again as root/Administrator.
106 verbose exit [ -4048, true ]
